  Tutorial 3.cpp
c:\program files (x86)\microsoft visual studio\2017\community\vc\tools\msvc\14.16.27023\include\xmemory0(881): warning C4244: 'initializing': conversion from '_Ty' to '_Objty', possible loss of data
          with
          [
              _Ty=int
          ]
          and
          [
              _Objty=float
          ]
  c:\program files (x86)\microsoft visual studio\2017\community\vc\tools\msvc\14.16.27023\include\xmemory(164): note: see reference to function template instantiation 'void std::_Default_allocator_traits<_Alloc>::construct<_Ty,int&>(_Alloc &,_Objty *const ,int &)' being compiled
          with
          [
              _Alloc=std::allocator<float>,
              _Ty=float,
              _Objty=float
          ]
  c:\program files (x86)\microsoft visual studio\2017\community\vc\tools\msvc\14.16.27023\include\xmemory(164): note: see reference to function template instantiation 'void std::_Default_allocator_traits<_Alloc>::construct<_Ty,int&>(_Alloc &,_Objty *const ,int &)' being compiled
          with
          [
              _Alloc=std::allocator<float>,
              _Ty=float,
              _Objty=float
          ]
  c:\program files (x86)\microsoft visual studio\2017\community\vc\tools\msvc\14.16.27023\include\xmemory(190): note: see reference to function template instantiation 'void std::_Uninitialized_backout_al<_FwdIt,_Alloc>::_Emplace_back<_Ty&>(_Ty &)' being compiled
          with
          [
              _FwdIt=float *,
              _Alloc=std::allocator<float>,
              _Ty=int
          ]
  c:\program files (x86)\microsoft visual studio\2017\community\vc\tools\msvc\14.16.27023\include\xmemory(190): note: see reference to function template instantiation 'void std::_Uninitialized_backout_al<_FwdIt,_Alloc>::_Emplace_back<_Ty&>(_Ty &)' being compiled
          with
          [
              _FwdIt=float *,
              _Alloc=std::allocator<float>,
              _Ty=int
          ]
  c:\program files (x86)\microsoft visual studio\2017\community\vc\tools\msvc\14.16.27023\include\xmemory(217): note: see reference to function template instantiation '_FwdIt std::_Uninitialized_copy_al_unchecked<_Ty*,float*,_Alloc>(_InIt,const _InIt,const _FwdIt,_Alloc &,std::_General_ptr_iterator_tag,std::_Any_tag)' being compiled
          with
          [
              _FwdIt=float *,
              _Ty=int,
              _Alloc=std::allocator<float>,
              _InIt=int *
          ]
  c:\program files (x86)\microsoft visual studio\2017\community\vc\tools\msvc\14.16.27023\include\vector(1823): note: see reference to function template instantiation '_FwdIt *std::_Uninitialized_copy<_Iter,float*,std::allocator<_Ty>>(const _InIt,const _InIt,_FwdIt,_Alloc &)' being compiled
          with
          [
              _FwdIt=float *,
              _Iter=int *,
              _Ty=float,
              _InIt=int *,
              _Alloc=std::allocator<float>
          ]
  c:\program files (x86)\microsoft visual studio\2017\community\vc\tools\msvc\14.16.27023\include\vector(1161): note: see reference to function template instantiation 'float *std::vector<float,std::allocator<_Ty>>::_Ucopy<_Iter>(_Iter,_Iter,float *)' being compiled
          with
          [
              _Ty=float,
              _Iter=int *
          ]
  c:\program files (x86)\microsoft visual studio\2017\community\vc\tools\msvc\14.16.27023\include\vector(1161): note: see reference to function template instantiation 'float *std::vector<float,std::allocator<_Ty>>::_Ucopy<_Iter>(_Iter,_Iter,float *)' being compiled
          with
          [
              _Ty=float,
              _Iter=int *
          ]
  c:\program files (x86)\microsoft visual studio\2017\community\vc\tools\msvc\14.16.27023\include\vector(1261): note: see reference to function template instantiation 'void std::vector<float,std::allocator<_Ty>>::_Insert_range<int*>(std::_Vector_const_iterator<std::_Vector_val<std::_Simple_types<_Ty>>>,_Iter,_Iter,std::forward_iterator_tag)' being compiled
          with
          [
              _Ty=float,
              _Iter=int *
          ]
  c:\program files (x86)\microsoft visual studio\2017\community\vc\tools\msvc\14.16.27023\include\vector(1261): note: see reference to function template instantiation 'void std::vector<float,std::allocator<_Ty>>::_Insert_range<int*>(std::_Vector_const_iterator<std::_Vector_val<std::_Simple_types<_Ty>>>,_Iter,_Iter,std::forward_iterator_tag)' being compiled
          with
          [
              _Ty=float,
              _Iter=int *
          ]
  c:\users\mrchr\documents\github\paralell-computing\opencl-tutorials\tutorial 3\tutorial 3.cpp(51): note: see reference to function template instantiation 'std::_Vector_iterator<std::_Vector_val<std::_Simple_types<_Ty>>> std::vector<_Ty,std::allocator<_Ty>>::insert<std::_Vector_iterator<std::_Vector_val<std::_Simple_types<int>>>,void>(std::_Vector_const_iterator<std::_Vector_val<std::_Simple_types<_Ty>>>,_Iter,_Iter)' being compiled
          with
          [
              _Ty=float,
              _Iter=std::_Vector_iterator<std::_Vector_val<std::_Simple_types<cl_int>>>
          ]
  c:\users\mrchr\documents\github\paralell-computing\opencl-tutorials\tutorial 3\tutorial 3.cpp(51): note: see reference to function template instantiation 'std::_Vector_iterator<std::_Vector_val<std::_Simple_types<_Ty>>> std::vector<_Ty,std::allocator<_Ty>>::insert<std::_Vector_iterator<std::_Vector_val<std::_Simple_types<int>>>,void>(std::_Vector_const_iterator<std::_Vector_val<std::_Simple_types<_Ty>>>,_Iter,_Iter)' being compiled
          with
          [
              _Ty=float,
              _Iter=std::_Vector_iterator<std::_Vector_val<std::_Simple_types<cl_int>>>
          ]
c:\users\mrchr\documents\github\paralell-computing\opencl-tutorials\tutorial 3\tutorial 3.cpp(90): warning C4715: 'RunKernel': not all control paths return a value
  Tutorial 3.vcxproj -> C:\Users\mrchr\Documents\Github\Paralell-Computing\OpenCL-Tutorials\x64\Debug\Tutorial 3.exe
  my_kernels_3.cl
          1 file(s) copied.
